[    0.000000] Initializing cgroup subsys cpuset
[    0.000000] Initializing cgroup subsys cpu
[    0.000000] Initializing cgroup subsys cpuacct
[    0.000000] Linux version 4.4.0-184-generic (buildd@lgw01-amd64-060) (gcc version 5.4.0 20160609 (Ubuntu 5.4.0-6ubuntu1~16.04.12) ) #214-Ubuntu SMP Thu Jun 4 10:14:11 UTC 2020 (Ubuntu 4.4.0-184.214-generic 4.4.223)
[    0.000000] Command line: BOOT_IMAGE=/boot/vmlinuz-4.4.0-184-generic root=LABEL=cloudimg-rootfs ro console=tty1 console=ttyS0
[    0.000000] KERNEL supported cpus:
[    0.000000]   Intel GenuineIntel
[    0.000000]   AMD AuthenticAMD
[    0.000000]   Centaur CentaurHauls
[    0.000000] x86/fpu: xstate_offset[2]:  576, xstate_sizes[2]:  256
[    0.000000] x86/fpu: Supporting XSAVE feature 0x01: 'x87 floating point registers'
[    0.000000] x86/fpu: Supporting XSAVE feature 0x02: 'SSE registers'
[    0.000000] x86/fpu: Supporting XSAVE feature 0x04: 'AVX registers'
[    0.000000] x86/fpu: Enabled xstate features 0x7, context size is 832 bytes, using 'standard' format.
[    0.000000] e820: BIOS-provided physical RAM map:
[    0.000000] BIOS-e820: [mem 0x0000000000000000-0x000000000009fbff] usable
[    0.000000] BIOS-e820: [mem 0x000000000009fc00-0x000000000009ffff] reserved
[    0.000000] BIOS-e820: [mem 0x00000000000f0000-0x00000000000fffff] reserved
[    0.000000] BIOS-e820: [mem 0x0000000000100000-0x000000003ffeffff] usable
[    0.000000] BIOS-e820: [mem 0x000000003fff0000-0x000000003fffffff] ACPI data
[    0.000000] BIOS-e820: [mem 0x00000000fec00000-0x00000000fec00fff] reserved
[    0.000000] BIOS-e820: [mem 0x00000000fee00000-0x00000000fee00fff] reserved
[    0.000000] BIOS-e820: [mem 0x00000000fffc0000-0x00000000ffffffff] reserved
[    0.000000] NX (Execute Disable) protection: active
[    0.000000] SMBIOS 2.5 present.
[    0.000000] Hypervisor detected: KVM
[    0.000000] e820: last_pfn = 0x3fff0 max_arch_pfn = 0x400000000
[    0.000000] MTRR: Disabled
[    0.000000] x86/PAT: MTRRs disabled, skipping PAT initialization too.
[    0.000000] CPU MTRRs all blank - virtualized system.
[    0.000000] x86/PAT: Configuration [0-7]: WB  WT  UC- UC  WB  WT  UC- UC  
[    0.000000] found SMP MP-table at [mem 0x0009fff0-0x0009ffff] mapped at [ffff88000009fff0]
[    0.000000] Scanning 1 areas for low memory corruption
[    0.000000] RAMDISK: [mem 0x362de000-0x37166fff]
[    0.000000] ACPI: Early table checksum verification disabled
[    0.000000] ACPI: RSDP 0x00000000000E0000 000024 (v02 VBOX  )
[    0.000000] ACPI: XSDT 0x000000003FFF0030 00003C (v01 VBOX   VBOXXSDT 00000001 ASL  00000061)
[    0.000000] ACPI: FACP 0x000000003FFF00F0 0000F4 (v04 VBOX   VBOXFACP 00000001 ASL  00000061)
[    0.000000] ACPI: DSDT 0x000000003FFF0470 002325 (v02 VBOX   VBOXBIOS 00000002 INTL 20100528)
[    0.000000] ACPI: FACS 0x000000003FFF0200 000040
[    0.000000] ACPI: FACS 0x000000003FFF0200 000040
[    0.000000] ACPI: APIC 0x000000003FFF0240 00005C (v02 VBOX   VBOXAPIC 00000001 ASL  00000061)
[    0.000000] ACPI: SSDT 0x000000003FFF02A0 0001CC (v01 VBOX   VBOXCPUT 00000002 INTL 20100528)
[    0.000000] No NUMA configuration found
[    0.000000] Faking a node at [mem 0x0000000000000000-0x000000003ffeffff]
[    0.000000] NODE_DATA(0) allocated [mem 0x3ffeb000-0x3ffeffff]
[    0.000000] kvm-clock: Using msrs 4b564d01 and 4b564d00
[    0.000000] kvm-clock: cpu 0, msr 0:3ffe3001, primary cpu clock
[    0.000000] kvm-clock: using sched offset of 3566961021 cycles
[    0.000000] clocksource: kvm-clock: mask: 0xffffffffffffffff max_cycles: 0x1cd42e4dffb, max_idle_ns: 881590591483 ns
[    0.000000] Zone ranges:
[    0.000000]   DMA      [mem 0x0000000000001000-0x0000000000ffffff]
[    0.000000]   DMA32    [mem 0x0000000001000000-0x000000003ffeffff]
[    0.000000]   Normal   empty
[    0.000000]   Device   empty
[    0.000000] Movable zone start for each node
[    0.000000] Early memory node ranges
[    0.000000]   node   0: [mem 0x0000000000001000-0x000000000009efff]
[    0.000000]   node   0: [mem 0x0000000000100000-0x000000003ffeffff]
[    0.000000] Initmem setup node 0 [mem 0x0000000000001000-0x000000003ffeffff]
[    0.000000] ACPI: PM-Timer IO Port: 0x4008
[    0.000000] IOAPIC[0]: apic_id 2, version 32, address 0xfec00000, GSI 0-23
[    0.000000] ACPI: INT_SRC_OVR (bus 0 bus_irq 0 global_irq 2 dfl dfl)
[    0.000000] ACPI: INT_SRC_OVR (bus 0 bus_irq 9 global_irq 9 low level)
[    0.000000] Using ACPI (MADT) for SMP configuration information
[    0.000000] smpboot: Allowing 2 CPUs, 0 hotplug CPUs
[    0.000000] PM: Registered nosave memory: [mem 0x00000000-0x00000fff]
[    0.000000] PM: Registered nosave memory: [mem 0x0009f000-0x0009ffff]
[    0.000000] PM: Registered nosave memory: [mem 0x000a0000-0x000effff]
[    0.000000] PM: Registered nosave memory: [mem 0x000f0000-0x000fffff]
[    0.000000] e820: [mem 0x40000000-0xfebfffff] available for PCI devices
[    0.000000] Booting paravirtualized kernel on KVM
[    0.000000] clocksource: refined-jiffies: mask: 0xffffffff max_cycles: 0xffffffff, max_idle_ns: 7645519600211568 ns
[    0.000000] setup_percpu: NR_CPUS:512 nr_cpumask_bits:512 nr_cpu_ids:2 nr_node_ids:1
[    0.000000] PERCPU: Embedded 33 pages/cpu @ffff88003fc00000 s95448 r8192 d31528 u1048576
[    0.000000] Built 1 zonelists in Node order, mobility grouping on.  Total pages: 257912
[    0.000000] Policy zone: DMA32
[    0.000000] Kernel command line: BOOT_IMAGE=/boot/vmlinuz-4.4.0-184-generic root=LABEL=cloudimg-rootfs ro console=tty1 console=ttyS0
[    0.000000] PID hash table entries: 4096 (order: 3, 32768 bytes)
[    0.000000] Memory: 997664K/1048120K available (8632K kernel code, 1336K rwdata, 4036K rodata, 1492K init, 1292K bss, 50456K reserved, 0K cma-reserved)
[    0.000000] SLUB: HWalign=64, Order=0-3, MinObjects=0, CPUs=2, Nodes=1
[    0.000000] Kernel/User page tables isolation: enabled
[    0.000000] Hierarchical RCU implementation.
[    0.000000] 	Build-time adjustment of leaf fanout to 64.
[    0.000000] 	RCU restricting CPUs from NR_CPUS=512 to nr_cpu_ids=2.
[    0.000000] RCU: Adjusting geometry for rcu_fanout_leaf=64, nr_cpu_ids=2
[    0.000000] NR_IRQS:33024 nr_irqs:440 16
[    0.000000] Console: colour VGA+ 80x25
[    0.000000] console [tty1] enabled
[    0.000000] console [ttyS0] enabled
[    0.000000] tsc: Detected 1800.001 MHz processor
[    0.182116] Calibrating delay loop (skipped) preset value.. 3600.00 BogoMIPS (lpj=7200004)
[    0.184319] pid_max: default: 32768 minimum: 301
[    0.185536] ACPI: Core revision 20150930
[    0.188689] ACPI: 2 ACPI AML tables successfully acquired and loaded
[    0.190388] Security Framework initialized
[    0.191398] Yama: becoming mindful.
[    0.192381] AppArmor: AppArmor initialized
[    0.193590] Dentry cache hash table entries: 131072 (order: 8, 1048576 bytes)
[    0.198207] Inode-cache hash table entries: 65536 (order: 7, 524288 bytes)
[    0.199835] Mount-cache hash table entries: 2048 (order: 2, 16384 bytes)
[    0.201320] Mountpoint-cache hash table entries: 2048 (order: 2, 16384 bytes)
[    0.202980] Initializing cgroup subsys io
[    0.203978] Initializing cgroup subsys memory
[    0.205130] Initializing cgroup subsys devices
[    0.206212] Initializing cgroup subsys freezer
[    0.207278] Initializing cgroup subsys net_cls
[    0.208358] Initializing cgroup subsys perf_event
[    0.209630] Initializing cgroup subsys net_prio
[    0.210754] Initializing cgroup subsys hugetlb
[    0.211826] Initializing cgroup subsys pids
[    0.214582] mce: CPU supports 0 MCE banks
[    0.215667] Last level iTLB entries: 4KB 64, 2MB 8, 4MB 8
[    0.216880] Last level dTLB entries: 4KB 64, 2MB 0, 4MB 0, 1GB 4
[    0.218337] Spectre V1 : Mitigation: usercopy/swapgs barriers and __user pointer sanitization
[    0.220460] Spectre V2 : Mitigation: Full generic retpoline
[    0.221782] Spectre V2 : Spectre v2 / SpectreRSB mitigation: Filling RSB on context switch
[    0.223735] Speculative Store Bypass: Vulnerable
[    0.224828] SRBDS: Unknown: Dependent on hypervisor status
[    0.226320] MDS: Vulnerable: Clear CPU buffers attempted, no microcode
[    0.230841] Freeing SMP alternatives memory: 36K
[    0.239563] ftrace: allocating 32319 entries in 127 pages
[    0.310205] smpboot: APIC(0) Converting physical 0 to logical package 0
[    0.311712] smpboot: Max logical packages: 1
[    0.313077] x2apic enabled
[    0.314222] Switched APIC routing to physical x2apic.
[    0.316865] ..TIMER: vector=0x30 apic1=0 pin1=2 apic2=-1 pin2=-1
[    0.426595] smpboot: CPU0: Intel(R) Core(TM) i5-8250U CPU @ 1.60GHz (family: 0x6, model: 0x8e, stepping: 0xa)
[    0.429201] Performance Events: unsupported p6 CPU model 142 no PMU driver, software events only.
[    0.443238] KVM setup paravirtual spinlock
[    0.444969] x86: Booting SMP configuration:
[    0.446084] .... node  #0, CPUs:      #1
[    0.447249] kvm-clock: cpu 1, msr 0:3ffe3041, secondary cpu clock
[    0.450091] mce: CPU supports 0 MCE banks
[    0.452873] x86: Booted up 1 node, 2 CPUs
[    0.454203] smpboot: Total of 2 processors activated (7200.00 BogoMIPS)
[    0.456365] devtmpfs: initialized
[    0.459038] evm: security.selinux
[    0.459975] evm: security.SMACK64
[    0.460993] evm: security.SMACK64EXEC
[    0.461969] evm: security.SMACK64TRANSMUTE
[    0.462976] evm: security.SMACK64MMAP
[    0.463950] evm: security.ima
[    0.464797] evm: security.capability
[    0.466066] clocksource: jiffies: mask: 0xffffffff max_cycles: 0xffffffff, max_idle_ns: 7645041785100000 ns
[    0.468693] futex hash table entries: 512 (order: 3, 32768 bytes)
[    0.471554] pinctrl core: initialized pinctrl subsystem
[    0.472915] RTC time: 10:28:53, date: 07/03/20
[    0.474186] NET: Registered protocol family 16
[    0.487415] cpuidle: using governor ladder
[    0.498997] cpuidle: using governor menu
[    0.500432] PCCT header not found.
[    0.501408] ACPI: bus type PCI registered
[    0.502439] acpiphp: ACPI Hot Plug PCI Controller Driver version: 0.5
[    0.503970] PCI: Using configuration type 1 for base access
[    0.519863] ACPI: Added _OSI(Module Device)
[    0.520956] ACPI: Added _OSI(Processor Device)
[    0.522132] ACPI: Added _OSI(3.0 _SCP Extensions)
[    0.523312] ACPI: Added _OSI(Processor Aggregator Device)
[    0.525334] ACPI: Executed 1 blocks of module-level executable AML code
[    0.529279] ACPI: Interpreter enabled
[    0.530235] ACPI: (supports S0 S5)
[    0.531157] ACPI: Using IOAPIC for interrupt routing
[    0.532497] PCI: Using host bridge windows from ACPI; if necessary, use "pci=nocrs" and report a bug
[    0.538849] ACPI: PCI Root Bridge [PCI0] (domain 0000 [bus 00-ff])
[    0.540371] acpi PNP0A03:00: _OSC: OS supports [ASPM ClockPM Segments MSI]
[    0.542230] acpi PNP0A03:00: _OSC: not requesting OS control; OS requires [ExtendedConfig ASPM ClockPM MSI]
[    0.544512] acpi PNP0A03:00: fail to add MMCONFIG information, can't access extended PCI configuration space under this bridge.
[    0.547429] PCI host bridge to bus 0000:00
[    0.548530] pci_bus 0000:00: root bus resource [io  0x0000-0x0cf7 window]
[    0.550086] pci_bus 0000:00: root bus resource [io  0x0d00-0xffff window]
[    0.551687] pci_bus 0000:00: root bus resource [mem 0x000a0000-0x000bffff window]
[    0.553584] pci_bus 0000:00: root bus resource [mem 0x40000000-0xfdffffff window]
[    0.555538] pci_bus 0000:00: root bus resource [bus 00-ff]
[    0.558749] pci 0000:00:01.1: legacy IDE quirk: reg 0x10: [io  0x01f0-0x01f7]
[    0.560247] pci 0000:00:01.1: legacy IDE quirk: reg 0x14: [io  0x03f6]
[    0.561666] pci 0000:00:01.1: legacy IDE quirk: reg 0x18: [io  0x0170-0x0177]
[    0.577861] pci 0000:00:01.1: legacy IDE quirk: reg 0x1c: [io  0x0376]
[    0.596871] pci 0000:00:07.0: quirk: [io  0x4000-0x403f] claimed by PIIX4 ACPI
[    0.598870] pci 0000:00:07.0: quirk: [io  0x4100-0x410f] claimed by PIIX4 SMB
[    0.611394] ACPI: PCI Interrupt Link [LNKA] (IRQs 5 9 10 *11)
[    0.613638] ACPI: PCI Interrupt Link [LNKB] (IRQs 5 9 *10 11)
[    0.616646] ACPI: PCI Interrupt Link [LNKC] (IRQs 5 *9 10 11)
[    0.618835] ACPI: PCI Interrupt Link [LNKD] (IRQs 5 9 10 *11)
[    0.620990] ACPI: Enabled 2 GPEs in block 00 to 07
[    0.622737] vgaarb: setting as boot device: PCI:0000:00:02.0
[    0.623947] vgaarb: device added: PCI:0000:00:02.0,decodes=io+mem,owns=io+mem,locks=none
[    0.625865] vgaarb: loaded
[    0.626657] vgaarb: bridge control possible 0000:00:02.0
[    0.628249] SCSI subsystem initialized
[    0.629550] ACPI: bus type USB registered
[    0.630565] usbcore: registered new interface driver usbfs
[    0.631792] usbcore: registered new interface driver hub
[    0.633030] usbcore: registered new device driver usb
[    0.634685] PCI: Using ACPI for IRQ routing
[    0.638921] NetLabel: Initializing
[    0.639921] NetLabel:  domain hash size = 128
[    0.641014] NetLabel:  protocols = UNLABELED CIPSOv4
[    0.642273] NetLabel:  unlabeled traffic allowed by default
[    0.643868] amd_nb: Cannot enumerate AMD northbridges
[    0.645393] clocksource: Switched to clocksource kvm-clock
[    0.657843] AppArmor: AppArmor Filesystem Enabled
[    0.659129] pnp: PnP ACPI init
[    0.660924] pnp: PnP ACPI: found 3 devices
[    0.673953] clocksource: acpi_pm: mask: 0xffffff max_cycles: 0xffffff, max_idle_ns: 2085701024 ns
[    0.676254] NET: Registered protocol family 2
[    0.677522] TCP established hash table entries: 8192 (order: 4, 65536 bytes)
[    0.679254] TCP bind hash table entries: 8192 (order: 5, 131072 bytes)
[    0.680737] TCP: Hash tables configured (established 8192 bind 8192)
[    0.682189] UDP hash table entries: 512 (order: 2, 16384 bytes)
[    0.683620] UDP-Lite hash table entries: 512 (order: 2, 16384 bytes)
[    0.685362] NET: Registered protocol family 1
[    0.686884] pci 0000:00:00.0: Limiting direct PCI/PCI transfers
[    0.688943] pci 0000:00:01.0: Activating ISA DMA hang workarounds
[    0.690480] Unpacking initramfs...
[    0.936772] Freeing initrd memory: 14884K
[    0.938156] clocksource: tsc: mask: 0xffffffffffffffff max_cycles: 0x19f22aa45f0, max_idle_ns: 440795269146 ns
[    0.940511] platform rtc_cmos: registered platform RTC device (no PNP device found)
[    0.942374] Scanning for low memory corruption every 60 seconds
[    0.944295] audit: initializing netlink subsys (disabled)
[    0.945502] audit: type=2000 audit(1593772138.454:1): initialized
[    0.947125] Initialise system trusted keyring
[    0.948527] HugeTLB registered 2 MB page size, pre-allocated 0 pages
[    0.951539] zbud: loaded
[    0.952760] VFS: Disk quotas dquot_6.6.0
[    0.953797] VFS: Dquot-cache hash table entries: 512 (order 0, 4096 bytes)
[    0.955644] squashfs: version 4.0 (2009/01/31) Phillip Lougher
[    0.957456] fuse init (API version 7.23)
[    0.958834] Key type big_key registered
[    0.959850] Allocating IMA MOK and blacklist keyrings.
[    0.963931] Key type asymmetric registered
[    0.964957] Asymmetric key parser 'x509' registered
[    0.966204] Block layer SCSI generic (bsg) driver version 0.4 loaded (major 249)
[    0.968170] io scheduler noop registered
[    0.969240] io scheduler deadline registered (default)
[    0.970569] io scheduler cfq registered
[    0.971705] pci_hotplug: PCI Hot Plug PCI Core version: 0.5
[    0.973122] pciehp: PCI Express Hot Plug Controller Driver version: 0.4
[    0.975024] ACPI: AC Adapter [AC] (on-line)
[    0.976123] input: Power Button as /devices/LNXSYSTM:00/LNXPWRBN:00/input/input0
[    0.978013] ACPI: Power Button [PWRF]
[    0.979136] input: Sleep Button as /devices/LNXSYSTM:00/LNXSLPBN:00/input/input1
[    0.981055] ACPI: Sleep Button [SLPF]
[    0.982367] GHES: HEST is not enabled!
[    0.983255] ACPI: Battery Slot [BAT0] (battery present)
[    0.985006] Serial: 8250/16550 driver, 32 ports, IRQ sharing enabled
[    1.007689] 00:02: ttyS0 at I/O 0x3f8 (irq = 4, base_baud = 115200) is a 16550A
[    1.013296] Linux agpgart interface v0.103
[    1.016443] loop: module loaded
[    1.018755] scsi host0: ata_piix
[    1.019959] scsi host1: ata_piix
[    1.020884] ata1: PATA max UDMA/33 cmd 0x1f0 ctl 0x3f6 bmdma 0xd000 irq 14
[    1.022425] ata2: PATA max UDMA/33 cmd 0x170 ctl 0x376 bmdma 0xd008 irq 15
[    1.024253] libphy: Fixed MDIO Bus: probed
[    1.025295] tun: Universal TUN/TAP device driver, 1.6
[    1.026473] tun: (C) 1999-2004 Max Krasnyansky <maxk@qualcomm.com>
[    1.027960] PPP generic driver version 2.4.2
[    1.029468] ehci_hcd: USB 2.0 'Enhanced' Host Controller (EHCI) Driver
[    1.030993] ehci-pci: EHCI PCI platform driver
[    1.032496] ehci-platform: EHCI generic platform driver
[    1.034388] ohci_hcd: USB 1.1 'Open' Host Controller (OHCI) Driver
[    1.035822] ohci-pci: OHCI PCI platform driver
[    1.037016] ohci-platform: OHCI generic platform driver
[    1.038401] uhci_hcd: USB Universal Host Controller Interface driver
[    1.039938] i8042: PNP: PS/2 Controller [PNP0303:PS2K,PNP0f03:PS2M] at 0x60,0x64 irq 1,12
[    1.042485] serio: i8042 KBD port at 0x60,0x64 irq 1
[    1.043616] serio: i8042 AUX port at 0x60,0x64 irq 12
[    1.045258] mousedev: PS/2 mouse device common for all mice
[    1.047332] input: AT Translated Set 2 keyboard as /devices/platform/i8042/serio0/input/input2
[    1.051132] rtc_cmos rtc_cmos: rtc core: registered rtc_cmos as rtc0
[    1.052633] rtc_cmos rtc_cmos: alarms up to one day, 114 bytes nvram
[    1.054131] i2c /dev entries driver
[    1.055128] device-mapper: uevent: version 1.0.3
[    1.056531] device-mapper: ioctl: 4.34.0-ioctl (2015-10-28) initialised: dm-devel@redhat.com
[    1.058835] ledtrig-cpu: registered to indicate activity on CPUs
[    1.060891] NET: Registered protocol family 10
[    1.062557] NET: Registered protocol family 17
[    1.063626] Key type dns_resolver registered
[    1.065429] registered taskstats version 1
[    1.066588] Loading compiled-in X.509 certificates
[    1.068329] Loaded X.509 cert 'Build time autogenerated kernel key: b6ae09eed57f82583ccd3c65c463e852cdd7a0b5'
[    1.070699] zswap: loaded using pool lzo/zbud
[    1.073766] Key type trusted registered
[    1.078790] Key type encrypted registered
[    1.079885] AppArmor: AppArmor sha1 policy hashing enabled
[    1.081088] ima: No TPM chip found, activating TPM-bypass!
[    1.082431] ima: Allocated hash algorithm: sha1
[    1.083563] evm: HMAC attrs: 0x1
[    1.085083]   Magic number: 12:216:476
[    1.086635] rtc_cmos rtc_cmos: setting system clock to 2020-07-03 10:28:53 UTC (1593772133)
[    1.089511] BIOS EDD facility v0.16 2004-Jun-25, 0 devices found
[    1.090968] EDD information not available.
[    1.209217] Freeing unused kernel memory: 1492K
[    1.210641] Write protecting the kernel read-only data: 14336k
[    1.212744] Freeing unused kernel memory: 1596K
[    1.214325] Freeing unused kernel memory: 60K
Loading, please wait...
starting version 229
[    1.230188] random: systemd-udevd: uninitialized urandom read (16 bytes read, 3 bits of entropy available)
[    1.230894] random: udevadm: uninitialized urandom read (16 bytes read, 3 bits of entropy available)
[    1.230910] random: udevadm: uninitialized urandom read (16 bytes read, 3 bits of entropy available)
[    1.236881] random: systemd-udevd: uninitialized urandom read (16 bytes read, 3 bits of entropy available)
[    1.239167] random: systemd-udevd: uninitialized urandom read (16 bytes read, 3 bits of entropy available)
[    1.239933] random: udevadm: uninitialized urandom read (16 bytes read, 3 bits of entropy available)
[    1.239972] random: udevadm: uninitialized urandom read (16 bytes read, 3 bits of entropy available)
[    1.240105] random: udevadm: uninitialized urandom read (16 bytes read, 3 bits of entropy available)
[    1.240152] random: udevadm: uninitialized urandom read (16 bytes read, 3 bits of entropy available)
[    1.240199] random: udevadm: uninitialized urandom read (16 bytes read, 3 bits of entropy available)
[    1.285177] e1000: Intel(R) PRO/1000 Network Driver - version 7.3.21-k8-NAPI
[    1.288920] e1000: Copyright (c) 1999-2006 Intel Corporation.
[    1.292038] Fusion MPT base driver 3.04.20
[    1.293102] Copyright (c) 1999-2008 LSI Corporation
[    1.314321] AVX2 version of gcm_enc/dec engaged.
[    1.315505] AES CTR mode by8 optimization enabled
[    1.323461] Fusion MPT SPI Host driver 3.04.20
[    1.505396] input: ImExPS/2 Generic Explorer Mouse as /devices/platform/i8042/serio1/input/input4
[    1.679467] e1000 0000:00:03.0 eth0: (PCI:33MHz:32-bit) 02:89:fa:04:16:8f
[    1.680943] e1000 0000:00:03.0 eth0: Intel(R) PRO/1000 Network Connection
[    1.683211] mptbase: ioc0: Initiating bringup
[    1.746354] ioc0: LSI53C1030 A0: Capabilities={Initiator}
[    1.913125] scsi host2: ioc0: LSI53C1030 A0, FwRev=00000000h, Ports=1, MaxQ=256, IRQ=20
[    2.032745] scsi 2:0:0:0: Direct-Access     VBOX     HARDDISK         1.0  PQ: 0 ANSI: 5
[    2.038179] scsi target2:0:0: Beginning Domain Validation
[    2.046788] scsi target2:0:0: Domain Validation skipping write tests
[    2.049656] scsi target2:0:0: Ending Domain Validation
[    2.052915] scsi target2:0:0: asynchronous
[    2.055787] scsi 2:0:1:0: Direct-Access     VBOX     HARDDISK         1.0  PQ: 0 ANSI: 5
[    2.058497] scsi target2:0:1: Beginning Domain Validation
[    2.063117] scsi target2:0:1: Domain Validation skipping write tests
[    2.064641] scsi target2:0:1: Ending Domain Validation
[    2.066049] scsi target2:0:1: asynchronous
[    2.139242] sd 2:0:0:0: Attached scsi generic sg0 type 0
[    2.140651] sd 2:0:0:0: [sda] 20971520 512-byte logical blocks: (10.7 GB/10.0 GiB)
[    2.143271] sd 2:0:1:0: Attached scsi generic sg1 type 0
[    2.144911] sd 2:0:1:0: [sdb] 20480 512-byte logical blocks: (10.5 MB/10.0 MiB)
[    2.147574] sd 2:0:1:0: [sdb] Write Protect is off
[    2.149146] sd 2:0:0:0: [sda] Write Protect is off
[    2.150826] sd 2:0:1:0: [sdb] Incomplete mode parameter data
[    2.152192] sd 2:0:1:0: [sdb] Assuming drive cache: write through
[    2.153595] sd 2:0:0:0: [sda] Incomplete mode parameter data
[    2.154911] sd 2:0:0:0: [sda] Assuming drive cache: write through
[    2.161842]  sda: sda1
[    2.164356] sd 2:0:0:0: [sda] Attached SCSI disk
[    2.166045] sd 2:0:1:0: [sdb] Attached SCSI disk
[    2.428657] e1000 0000:00:08.0 eth1: (PCI:33MHz:32-bit) 08:00:27:a6:6b:15
[    2.431830] e1000 0000:00:08.0 eth1: Intel(R) PRO/1000 Network Connection
[    2.436402] e1000 0000:00:08.0 enp0s8: renamed from eth1
[    2.450685] e1000 0000:00:03.0 enp0s3: renamed from eth0
Begin: Loading essential drivers ... [    4.062361] md: linear personality registered for level -1
[    4.066847] md: multipath personality registered for level -4
[    4.070402] md: raid0 personality registered for level 0
[    4.075182] md: raid1 personality registered for level 1
[    4.146151] raid6: sse2x1   gen() 11646 MB/s
[    4.213631] raid6: sse2x1   xor()  8440 MB/s
[    4.281869] raid6: sse2x2   gen() 13889 MB/s
[    4.349456] raid6: sse2x2   xor()  8829 MB/s
[    4.417416] raid6: sse2x4   gen() 15125 MB/s
[    4.485862] raid6: sse2x4   xor() 11120 MB/s
[    4.553412] raid6: avx2x1   gen() 22897 MB/s
[    4.621838] raid6: avx2x2   gen() 24934 MB/s
[    4.689550] raid6: avx2x4   gen() 28454 MB/s
[    4.690645] raid6: using algorithm avx2x4 gen() 28454 MB/s
[    4.691881] raid6: using avx2x2 recovery algorithm
[    4.694479] xor: automatically using best checksumming function:
[    4.734107]    avx       : 24155.000 MB/sec
[    4.736474] async_tx: api initialized (async)
[    4.746353] md: raid6 personality registered for level 6
[    4.747699] md: raid5 personality registered for level 5
[    4.749055] md: raid4 personality registered for level 4
[    4.757627] md: raid10 personality registered for level 10
done.
Begin: Running /scripts/init-premount ... done.
Begin: Mounting root file system ... Begin: Running /scripts/local-top ... done.
Begin: Running /scripts/local-premount ... [    4.791933] Btrfs loaded
Scanning for Btrfs filesystems
done.
Warning: fsck not present, so skipping root file system
[    4.827024] EXT4-fs (sda1): mounted filesystem with ordered data mode. Opts: (null)
done.
Begin: Running /scripts/local-bottom ... done.
Begin: Running /scripts/init-bottom ... done.
[    4.946546] systemd[1]: systemd 229 running in system mode. (+PAM +AUDIT +SELINUX +IMA +APPARMOR +SMACK +SYSVINIT +UTMP +LIBCRYPTSETUP +GCRYPT +GNUTLS +ACL +XZ -LZ4 +SECCOMP +BLKID +ELFUTILS +KMOD -IDN)
[    4.950929] systemd[1]: Detected virtualization oracle.
[    4.952153] systemd[1]: Detected architecture x86-64.

Welcome to [1mUbuntu 16.04.6 LTS[0m!

[    4.963278] systemd[1]: Set hostname to <ubuntu>.
[    4.969530] systemd[1]: Initializing machine ID from random generator.
[    4.971053] systemd[1]: Installed transient /etc/machine-id file.
[    5.127383] systemd[1]: Listening on Journal Audit Socket.
[[0;32m  OK  [0m] Listening on Journal Audit Socket.
[    5.129448] systemd[1]: Reached target User and Group Name Lookups.
[[0;32m  OK  [0m] Reached target User and Group Name Lookups.
[    5.133256] systemd[1]: Set up automount Arbitrary Executable File Formats File System Automount Point.
[[0;32m  OK  [0m] Set up automount Arbitrary Executab...ats File System Automount Point.
[    5.142184] systemd[1]: Listening on LVM2 poll daemon socket.
[[0;32m  OK  [0m] Listening on LVM2 poll daemon socket.
[    5.144527] systemd[1]: Listening on Journal Socket (/dev/log).
[[0;32m  OK  [0m] Listening on Journal Socket (/dev/log).
[    5.146733] systemd[1]: Listening on Syslog Socket.
[[0;32m  OK  [0m] Listening on Syslog Socket.
[    5.154028] systemd[1]: Listening on udev Kernel Socket.
[[0;32m  OK  [0m] Listening on udev Kernel Socket.
[    5.156630] systemd[1]: Created slice System Slice.
[[0;32m  OK  [0m] Created slice System Slice.
[    5.165986] systemd[1]: Created slice system-serial\x2dgetty.slice.
[[0;32m  OK  [0m] Created slice system-serial\x2dgetty.slice.
[    5.168504] systemd[1]: Created slice User and Session Slice.
[[0;32m  OK  [0m] Created slice User and Session Slice.
[    5.170571] systemd[1]: Listening on Device-mapper event daemon FIFOs.
[[0;32m  OK  [0m] Listening on Device-mapper event daemon FIFOs.
[    5.172915] systemd[1]: Listening on Journal Socket.
[[0;32m  OK  [0m] Listening on Journal Socket.
[    5.201800] systemd[1]: Starting Load Kernel Modules...
         Starting Load Kernel Modules...
[    5.205295] systemd[1]: Starting Uncomplicated firewall...
         Starting Uncomplicated firewall...
[    5.207864] systemd[1]: Mounting Debug File System...
         Mounting Debug File System...
[    5.213183] Loading iSCSI transport class v2.0-870.
[    5.214065] systemd[1]: Starting Remount Root and Kernel File Systems...
         Starting Remount Root and Kernel File Systems...
[    5.219396] systemd[1]: Mounting POSIX Message Queue File System...
[    5.221808] EXT4-fs (sda1): re-mounted. Opts: (null)
         Mounting POSIX Message Queue File System...
[    5.224597] systemd[1]: Mounting Huge Pages File System...
         Mounting Huge Pages File System...
[    5.226637] systemd[1]: Listening on LVM2 metadata daemon socket.
[    5.228227] iscsi: registered transport (tcp)
[[0;32m  OK  [0m] Listening on LVM2 metadata daemon socket.
[    5.231538] systemd[1]: Starting Set console keymap...
         Starting Set console keymap...
[    5.257623] iscsi: registered transport (iser)
[    5.262051] systemd[1]: Starting Create list of required static device nodes for the current kernel...
         Starting Create list of required st... nodes for the current kernel...
[    5.269636] systemd[1]: Listening on /dev/initctl Compatibility Named Pipe.
[[0;32m  OK  [0m] Listening on /dev/initctl Compatibility Named Pipe.
[    5.272181] systemd[1]: Reached target Swap.
[[0;32m  OK  [0m] Reached target Swap.
[    5.281998] systemd[1]: Reached target System Time Synchronized.
[[0;32m  OK  [0m] Reached target System Time Synchronized.
[    5.284931] systemd[1]: Starting Nameserver information manager...
         Starting Nameserver information manager...
[    5.287587] systemd[1]: Reached target Slices.
[[0;32m  OK  [0m] Reached target Slices.
[    5.290616] systemd[1]: Started Forward Password Requests to Wall Directory Watch.
[[0;32m  OK  [0m] Started Forward Password Requests to Wall Directory Watch.
[    5.301989] systemd[1]: Reached target Encrypted Volumes.
[[0;32m  OK  [0m] Reached target Encrypted Volumes.
[    5.330656] systemd[1]: Starting Journal Service...
         Starting Journal Service...
[    5.335863] systemd[1]: Starting Monitoring of LVM2 mirrors, snapshots etc. using dmeventd or progress polling...
         Starting Monitoring of LVM2 mirrors... dmeventd or progress polling...
[    5.340894] systemd[1]: Started Trigger resolvconf update for networkd DNS.
[[0;32m  OK  [0m] Started Trigger resolvconf update for networkd DNS.
[    5.344264] systemd[1]: Listening on udev Control Socket.
[[0;32m  OK  [0m] Listening on udev Control Socket.
[    5.352411] systemd[1]: Mounted Huge Pages File System.
[[0;32m  OK  [0m] Mounted Huge Pages File System.
[    5.363672] systemd[1]: Mounted POSIX Message Queue File System.
[[0;32m  OK  [0m] Mounted POSIX Message Queue File System.
[    5.373814] systemd[1]: Mounted Debug File System.
[[0;32m  OK  [0m] Mounted Debug File System.
[    5.381819] systemd[1]: Started Journal Service.
[[0;32m  OK  [0m] Started Journal Service.
[[0;32m  OK  [0m] Started Load Kernel Modules.
[[0;32m  OK  [0m] Started Uncomplicated firewall.
[[0;32m  OK  [0m] Started Remount Root and Kernel File Systems.
[[0;32m  OK  [0m] Started Set console keymap.
[[0;32m  OK  [0m] Started Create list of required sta...ce nodes for the current kernel.
[[0;32m  OK  [0m] Started LVM2 metadata daemon.
         Starting Create Static Device Nodes in /dev...
         Starting udev Coldplug all Devices...
         Starting Load/Save Random Seed...
         Starting Apply Kernel Variables...
         Mounting FUSE Control File System...
         Starting Flush Journal to Persistent Storage...
[[0;32m  OK  [0m] Mounted FUSE Control File System.
[[0;32m  OK  [0m] Started Nameserver information manager.
[[0;32m  OK  [0m] Started Load/Save Random Seed.
[[0;32m  OK  [0m] Started Apply Kernel Variables.
[[0;32m  OK  [0m] Started Flush Journal to Persistent Storage.
[[0;32m  OK  [0m] Started Create Static Device Nodes in /dev.
         Starting udev Kernel Device Manager...
[[0;32m  OK  [0m] Started udev Coldplug all Devices.
[[0;32m  OK  [0m] Started udev Kernel Device Manager.
[[0;32m  OK  [0m] Started Dispatch Password Requests to Console Directory Watch.
[[0;32m  OK  [0m] Found device /dev/ttyS0.
[[0;32m  OK  [0m] Listening on Load/Save RF Kill Switch Status /dev/rfkill Watch.
[[0;32m  OK  [0m] Started Monitoring of LVM2 mirrors,...ng dmeventd or progress polling.
[[0;32m  OK  [0m] Reached target Local File Systems (Pre).
[[0;32m  OK  [0m] Reached target Local File Systems.
         Starting Set console font and keymap...
         Starting Tell Plymouth To Write Out Runtime Data...
         Starting Commit a transient machine-id on disk...
         Starting LSB: AppArmor initialization...
         Starting Initial cloud-init job (pre-networking)...
         Starting Create Volatile Files and Directories...
[[0;32m  OK  [0m] Started Tell Plymouth To Write Out Runtime Data.
[[0;32m  OK  [0m] Started Commit a transient machine-id on disk.
[[0;32m  OK  [0m] Started Create Volatile Files and Directories.
         Starting Update UTMP about System Boot/Shutdown...
[[0;32m  OK  [0m] Started Update UTMP about System Boot/Shutdown.
[[0;32m  OK  [0m] Started Set console font and keymap.
[[0;32m  OK  [0m] Created slice system-getty.slice.
[    7.818134] cloud-init[656]: Cloud-init v. 19.4-33-gbb4131a2-0ubuntu1~16.04.1 running 'init-local' at Fri, 03 Jul 2020 10:28:59 +0000. Up 7.34 seconds.
[[0;32m  OK  [0m] Started Initial cloud-init job (pre-networking).
[[0;32m  OK  [0m] Reached target Network (Pre).
[[0;32m  OK  [0m] Started LSB: AppArmor initialization.
         Starting Raise network interfaces...
[[0;32m  OK  [0m] Started Raise network interfaces.
[[0;32m  OK  [0m] Reached target Network.
         Starting Initial cloud-init job (metadata service crawler)...
[    9.953810] cloud-init[953]: Cloud-init v. 19.4-33-gbb4131a2-0ubuntu1~16.04.1 running 'init' at Fri, 03 Jul 2020 10:29:01 +0000. Up 9.20 seconds.
[    9.955337] cloud-init[953]: ci-info: ++++++++++++++++++++++++++++++++++++++Net device info+++++++++++++++++++++++++++++++++++++++
[    9.956673] cloud-init[953]: ci-info: +--------+-------+----------------------------+---------------+--------+-------------------+
[    9.957993] cloud-init[953]: ci-info: | Device |   Up  |          Address           |      Mask     | Scope  |     Hw-Address    |
[    9.959350] cloud-init[953]: ci-info: +--------+-------+----------------------------+---------------+--------+-------------------+
[    9.972785] cloud-init[953]: ci-info: | enp0s3 |  True |         10.0.2.15          | 255.255.255.0 | global | 02:89:fa:04:16:8f |
[    9.974186] cloud-init[953]: ci-info: | enp0s3 |  True | fe80::89:faff:fe04:168f/64 |       .       |  link  | 02:89:fa:04:16:8f |
[    9.975481] cloud-init[953]: ci-info: | enp0s8 | False |             .              |       .       |   .    | 08:00:27:a6:6b:15 |
[    9.976725] cloud-init[953]: ci-info: |   lo   |  True |         127.0.0.1          |   255.0.0.0   |  host  |         .         |
[    9.984484] cloud-init[953]: ci-info: |   lo   |  True |          ::1/128           |       .       |  host  |         .         |
[    9.985796] cloud-init[953]: ci-info: +--------+-------+----------------------------+---------------+--------+-------------------+
[    9.987109] cloud-init[953]: ci-info: +++++++++++++++++++++++++++Route IPv4 info++++++++++++++++++++++++++++
[    9.988341] cloud-init[953]: ci-info: +-------+-------------+----------+---------------+-----------+-------+
[    9.997220] cloud-init[953]: ci-info: | Route | Destination | Gateway  |    Genmask    | Interface | Flags |
[   10.005025] cloud-init[953]: ci-info: +-------+-------------+----------+---------------+-----------+-------+
[   10.006210] cloud-init[953]: ci-info: |   0   |   0.0.0.0   | 10.0.2.2 |    0.0.0.0    |   enp0s3  |   UG  |
[   10.012922] cloud-init[953]: ci-info: |   1   |   10.0.2.0  | 0.0.0.0  | 255.255.255.0 |   enp0s3  |   U   |
[   10.014283] cloud-init[953]: ci-info: +-------+-------------+----------+---------------+-----------+-------+
[   10.015580] cloud-init[953]: ci-info: +++++++++++++++++++Route IPv6 info+++++++++++++++++++
[   10.016592] cloud-init[953]: ci-info: +-------+-------------+---------+-----------+-------+
[   10.017618] cloud-init[953]: ci-info: | Route | Destination | Gateway | Interface | Flags |
[   10.018766] cloud-init[953]: ci-info: +-------+-------------+---------+-----------+-------+
[   10.019841] cloud-init[953]: ci-info: |   0   |  fe80::/64  |    ::   |   enp0s3  |   U   |
[   10.028596] cloud-init[953]: ci-info: |   3   |   ff00::/8  |    ::   |   enp0s3  |   U   |
[   10.036287] [cloud-init[0;32m  OK  [0m[953]: ] ci-info: +-------+-------------+---------+-----------+-------+Started Initial cloud-init job (metadata service crawler).

[[0;32m  OK  [0m] Reached target System Initialization.
[   10.037604] cloud-init[953]: Generating public/private rsa key pair.
[   10.039054] [cloud-init[0;32m  OK  [0m[953]: ] Your identification has been saved in /etc/ssh/ssh_host_rsa_key.Started Message of the Day.

[[0;32m  OK  [0m] Started Daily apt download activities.
[   10.039742] cloud-init[953]: Your public key has been saved in /etc/ssh/ssh_host_rsa_key.pub.
[   10.041850] [cloud-init[0;32m  OK  [0m[953]: ] The key fingerprint is:Started Daily apt upgrade and clean activities.

         Starting Socket activation for snappy daemon.
[   10.042704] cloud-init[953]: SHA256:1iOGyXAtqe0m410p6jaaPWDzpzwLK6ZQDXTRpk42KcY root@ubuntu-xenial
[   10.052997] [cloud-init[0;32m  OK  [0m[953]: ] The key's randomart image is:Listening on ACPID Listen Socket.

[   10.060275]          Starting LXD - unix socket.
cloud-init[953]: +---[RSA 2048]----+
[   10.069279] [cloud-init[0;32m  OK  [0m[953]: ] |  . oo           |Started ACPI Events Check.

[   10.070381] [cloud-init[0;32m  OK  [0m[953]: ] | . .  oo         |Reached target Paths.

[   10.071274] [cloud-init[0;32m  OK  [0m[953]: ] | .. .++ .        |Started Daily Cleanup of Temporary Directories.

[   10.084662] [cloud-init[0;32m  OK  [0m[953]: ] |  Eo** + .       |Reached target Timers.

[   10.092615] [cloud-init[0;32m  OK  [0m[953]: ] | ..=o.= S o      |Listening on UUID daemon activation socket.

[   10.093810] [cloud-init[0;32m  OK  [0m[953]: ] | .+ .. o o .     |Listening on D-Bus System Message Bus Socket.

[[0;32m  OK  [0m] Reached target Network is Online.
[   10.097263] cloud-init[953]: |...+o + o        |
[   10.104356] cloud-init[953]: |o. B**.o         |
         Starting iSCSI initiator daemon (iscsid)...
[[0;32m  OK  [0m] Reached target Cloud-config availability.
[   10.112877] cloud-init[953]: |+.++OB.          |
[   10.132510] [cloud-init[0;32m  OK  [0m[953]: ] +----[SHA256]-----+Listening on Socket activation for snappy daemon.

[   10.133727] [cloud-init[0;32m  OK  [0m[953]: ] Generating public/private dsa key pair.Listening on LXD - unix socket.

[   10.140382] cloud-init[953]: Your identification has been saved in /etc/ssh/ssh_host_dsa_key.
[   10.141428] cloud-init[953]: Your public key has been saved in /etc/ssh/ssh_host_dsa_key.pub.
[   10.142503] cloud-init[953]: The key fingerprint is:
[   10.148669] [[0;32m  OK  [0m] Reached target Sockets.
cloud-init[953]: SHA256:B/OnSF/yxhwjio/T22JXhkBDbCciOZLl8VE7SnBS9uE root@ubuntu-xenial
[[0;32m  OK  [0m] Reached target Basic System.
[   10.150231] cloud-init[953]: The key's randomart image is:
[   10.151213] [[0;32m  OK  [0m] Started Deferred execution scheduler.
cloud-init[953]: +---[DSA 1024]----+
         Starting /etc/rc.local Compatibility...
[[0;32m  OK  [0m] Started FUSE filesystem for LXC.
         Starting Pollinate to seed the pseudo random number generator...
[[0;32m  OK  [0m] Started ACPI event daemon.
         Starting Accounts Service...
[   10.153673]          Starting LSB: Record successful boot for GRUB...
cloud-init[953]: |   o=o=++        |
         Starting Virtualbox guest utils...
[   10.161754] cloud-init[953]: |  o.+B.+*o.      |
[   10.164913] cloud-init[953]: |   ..oo+E+       |
[   10.166981]          Starting Snappy daemon...
         Starting Login Service...
         Starting LSB: MD monitoring daemon...
[[0;32m  OK  [0m] Started D-Bus System Message Bus.
cloud-init[953]: |     . ..=       |
[   10.175250] cloud-init[953]: |      . S.=.=    |
[   10.176321] cloud-init[953]: |       o =.Xoo   |
[   10.190310] cloud-init[953]: |      ..o oo=    |
[   10.193175] cloud-init[953]: |      .o+...     |
[   10.208475] cloud-init[953]: |      .oo+.      |
[   10.210396] cloud-init[953]: +----[SHA256]-----+
[   10.216387] cloud-init[953]: Generating public/private ecdsa key pair.
[   10.217830] cloud-init[953]: Your identification has been saved in /etc/ssh/ssh_host_ecdsa_key.
[   10.218969] cloud-init[953]: Your public key has been saved in /etc/ssh/ssh_host_ecdsa_key.pub.
[   10.220607] cloud-init[953]: The key fingerprint is:
[   10.230393] cloud-init[953]: SHA256:Kbc1MUf/lbHdkNDHLsT6ohBfD1tyJpCJBTTFSBp7dIU root@ubuntu-xenial
[   10.231900] cloud-init[953]: The key's randomart image is:
[   10.235397] cloud-init[953]: +---[ECDSA 256]---+
[   10.244956] cloud-init[953]: |      .o*B+=++.+ |
[[0;32m  OK  [0m] Started Regular background program processing daemon.
[   10.254906] cloud-init[953]: |       =ooE. .=.O|
         Starting LXD - container startup/shutdown...
         Starting System Logging Service...
[[0;32m  OK  [0m] Started iSCSI initiator daemon (iscsid).
[   10.258143] cloud-init[953]: |      o . o..o.=+|
[   10.260660] [cloud-init[0;32m  OK  [0m[953]: ] |       ... +* =.o|Started /etc/rc.local Compatibility.

[   10.262518] cloud-init[953]: |      . Soo. @ ..|
[   10.263821] cloud-init[953]: |       o.o..o o  |
[   10.265297] cloud-init[953]: |        .. . .   |
[   10.266320] cloud-init[953]: |          .      |
[   10.268716] cloud-init[953]: |                 |
[   10.273010] cloud-init[953]: +----[SHA256]-----+
[   10.274052] cloud-init[953]: Generating public/private ed25519 key pair.
[   10.275079] cloud-init[953]: Your identification has been saved in /etc/ssh/ssh_host_ed25519_key.
[   10.276505] cloud-init[953]: Your public key has been saved in /etc/ssh/ssh_host_ed25519_key.pub.
[   10.286983] cloud-init[953]: The key fingerprint is:
[   10.292707] cloud-init[953]: SHA256:txeV/VCnwW0KN53rsp8AQMoZSDq3YFUw5hl0c4LEHCY root@ubuntu-xenial
[   10.294601] cloud-init[953]: The key's randomart image is:
[   10.307054]          cloud-initStarting Login to default iSCSI targets...[953]: 
+--[ED25519 256]--+
[[0;32m  OK  [0m] Started Login Service.
[   10.310091] cloud-init[953]:          Starting Authenticate and Authorize Users to Run Privileged Tasks...
[[0;32m  OK  [0m] Started Unattended Upgrades Shutdown.
[[0;32m  OK  [0m] Started LSB: Record successful boot for GRUB.
|   E*%** o   ..o+|
[   10.329205] cloud-init[953]: |    B=* O   . +B=|
[   10.338217] cloud-init[953]: |   = + + .   o=+o|
[   10.339198] cloud-init[953]: |  . + .   .  ..o.|
[   10.340684] cloud-init[953]: |     .  S ... . .|
[   10.345791] cloud-init[953]: |         . ..o . |
[   10.348408] cloud-init[953]: |          . ..o  |
[   10.357337] cloud-init[953]: |           . .. .|
[   10.358500] cloud-init[953]: |              .o |
[   10.359661] cloud-init[953]: +----[SHA256]-----+
[[0;32m  OK  [0m] Started Login to default iSCSI targets.
[[0;32m  OK  [0m] Reached target Remote File Systems (Pre).
[[0;32m  OK  [0m] Reached target Remote File Systems.
         Starting LSB: automatic crash report generation...
         Starting LSB: daemon to balance interrupts for SMP systems...
         Starting Permit User Sessions...
         Starting LSB: Set the CPU Frequency Scaling governor to "ondemand"...
[[0;32m  OK  [0m] Started System Logging Service.
[[0;32m  OK  [0m] Started Permit User Sessions.
         Starting Terminate Plymouth Boot Screen...
         Starting Hold until boot process finishes up...
[[0;32m  OK  [0m] Started Hold until boot process finishes up.
[[0;32m  OK  [0m] Started Serial Getty on ttyS0.
         Starting Set console scheme...
[[0;32m  OK  [0m] Started Getty on tty1.
[[0;32m  OK  [0m] Reached target Login Prompts.
[[0;32m  OK  [0m] Started Terminate Plymouth Boot Screen.
[[0;32m  OK  [0m] Started Set console scheme.
[[0;32m  OK  [0m] Started Authenticate and Authorize Users to Run Privileged Tasks.
[[0;32m  OK  [0m] Started LSB: MD monitoring daemon.
[[0;32m  OK  [0m] Started Accounts Service.
[[0;32m  OK  [0m] Started LSB: Set the CPU Frequency Scaling governor to "ondemand".
[[0;32m  OK  [0m] Started LSB: daemon to balance interrupts for SMP systems.
[[0;32m  OK  [0m] Started LSB: automatic crash report generation.
[[0;32m  OK  [0m] Started LXD - container startup/shutdown.
[[0;32m  OK  [0m] Started Virtualbox guest utils.
[[0;32m  OK  [0m] Started Snappy daemon.
         Starting Wait until snapd is fully seeded...
[[0;32m  OK  [0m] Started Pollinate to seed the pseudo random number generator.
         Starting OpenBSD Secure Shell server...
[[0;32m  OK  [0m] Started OpenBSD Secure Shell server.
[[0;32m  OK  [0m] Created slice User Slice of vagrant.
         Starting User Manager for UID 1000...
[[0;32m  OK  [0m] Started Session 1 of user vagrant.
[[0;32m  OK  [0m] Started User Manager for UID 1000.
[[0;32m  OK  [0m] Started Wait until snapd is fully seeded.
         Starting Apply the settings specified in cloud-config...
[[0;32m  OK  [0m] Reached target Multi-User System.
[[0;32m  OK  [0m] Reached target Graphical Interface.
         Starting Update UTMP about System Runlevel Changes...
[[0;32m  OK  [0m] Started Update UTMP about System Runlevel Changes.
[   13.375253] cloud-init[1384]: Generating locales (this might take a while)...
[   15.001407] cloud-init[1384]:   en_US.UTF-8... done
[   15.002909] cloud-init[1384]: Generation complete.
[   15.694878] cloud-init[1384]: Cloud-init v. 19.4-33-gbb4131a2-0ubuntu1~16.04.1 running 'modules:config' at Fri, 03 Jul 2020 10:29:05 +0000. Up 13.16 seconds.

Ubuntu 16.04.6 LTS ubuntu-xenial ttyS0

ubuntu-xenial login: ci-info: no authorized SSH keys fingerprints found for user ubuntu.
<14>Jul  3 10:29:09 ec2: 
<14>Jul  3 10:29:09 ec2: #############################################################
<14>Jul  3 10:29:09 ec2: -----BEGIN SSH HOST KEY FINGERPRINTS-----
<14>Jul  3 10:29:09 ec2: 1024 SHA256:B/OnSF/yxhwjio/T22JXhkBDbCciOZLl8VE7SnBS9uE root@ubuntu-xenial (DSA)
<14>Jul  3 10:29:09 ec2: 256 SHA256:Kbc1MUf/lbHdkNDHLsT6ohBfD1tyJpCJBTTFSBp7dIU root@ubuntu-xenial (ECDSA)
<14>Jul  3 10:29:09 ec2: 256 SHA256:txeV/VCnwW0KN53rsp8AQMoZSDq3YFUw5hl0c4LEHCY root@ubuntu-xenial (ED25519)
<14>Jul  3 10:29:09 ec2: 2048 SHA256:1iOGyXAtqe0m410p6jaaPWDzpzwLK6ZQDXTRpk42KcY root@ubuntu-xenial (RSA)
<14>Jul  3 10:29:09 ec2: -----END SSH HOST KEY FINGERPRINTS-----
<14>Jul  3 10:29:09 ec2: #############################################################
-----BEGIN SSH HOST KEY KEYS-----
ecdsa-sha2-nistp256 AAAAE2VjZHNhLXNoYTItbmlzdHAyNTYAAAAIbmlzdHAyNTYAAABBBKsBLppRWJIBHhsBgcb5XbBmzXXeFqsPLmBMprXPixt3GY3nYOM1MGBOZcYhSR/Lg42C/SXUpOriMQEz1Chagkc= root@ubuntu-xenial
ssh-ed25519 AAAAC3NzaC1lZDI1NTE5AAAAIG1xlhtOZRUXPs9GJBZo0T3p1jsfxhyDeWoNG4XJG4NW root@ubuntu-xenial
ssh-rsa AAAAB3NzaC1yc2EAAAADAQABAAABAQCYhEKPR/6nzfSasPETpkIFU5i26GBdmjYOxZDJuLCNWYWMDzk4gvumCQqYdknICCtRWF8xsJyb2n3eHb+wWNkvg9IPovaQkrY0j+m4QOLMIZFHaD+cuTQbWfEy/xRYSJuYtCUE0rHLGOUX8y8qpixTGDsjFJxbU5tP6VzAEKrk2wkZFlF4zMK/hcgROJC8JFTsVh+SicLXgdqCXnPg1T3l0U8o9xmIH76nV8k7hSKHU0+xi1GTVgMefOIcnl4GA9t/PPVWCyM2Bh5//zaogQZ8r2k01FhBFvmLAsa6QhOql3ZTS9xTfyFb4aWOqaIEuapA55rtUTMnOFjI2siVwknX root@ubuntu-xenial
-----END SSH HOST KEY KEYS-----
[   16.571823] cloud-init[1563]: Cloud-init v. 19.4-33-gbb4131a2-0ubuntu1~16.04.1 running 'modules:final' at Fri, 03 Jul 2020 10:29:09 +0000. Up 16.36 seconds.
[   16.573207] cloud-init[1563]: ci-info: no authorized SSH keys fingerprints found for user ubuntu.
[   16.574088] cloud-init[1563]: Cloud-init v. 19.4-33-gbb4131a2-0ubuntu1~16.04.1 finished at Fri, 03 Jul 2020 10:29:09 +0000. Datasource DataSourceNoCloud [seed=/dev/sdb][dsmode=net].  Up 16.56 seconds
